<https://www.google.com> is UP
<https://www.facebook.com> is UP
<https://www.twitter.com> is UP
<https://www.wikipedia.org> is UP
<https://www.amazon.com> is UP
<https://www.reddit.com> is UP
<https://www.youtube.com> is UP
<https://www.linkedin.com> is UP
<https://www.instagram.com> is UP
<https://www.netflix.com> is UP
<https://www.microsoft.com> is UP
<https://www.apple.com> is UP
<https://www.bbc.com> is UP
<https://www.cnn.com> is UP
<https://www.nytimes.com> is UP
<https://www.bing.com> is UP
<https://www.yahoo.com> is UP
<https://www.espn.com> is UP
<https://www.weather.com> is UP
<https://www.twitch.tv> is UP
<https://www.salesforce.com> is UP
<https://www.adobe.com> is UP
<https://www.wordpress.com> is UP
<https://www.walmart.com> is UP
<https://www.shopify.com> is UP
<https://www.imdb.com> is UP
<https://www.notrealwebsite1.com> is DOWN
<https://www.privatesite2.com> is DOWN
<https://www.hiddenresource3.org> is DOWN
<https://www.intranet4.local> is DOWN
<https://www.secure5private.net> is DOWN
<https://www.confidential6.com> is DOWN
<https://www.nonexistent7.io> is DOWN
<https://www.madeup8.co> is DOWN
<https://www.privateaccess9.biz> is DOWN
<https://www.unknown10.org> is DOWN
<https://www.secret11portal.com> is DOWN
<https://www.fake12page.net> is DOWN
<https://www.undisclosed13.info> is DOWN
<https://www.invisible14.tech> is DOWN
<https://www.fictional15.org> is DOWN
<https://www.private16.space> is DOWN
<https://www.ghostsite17.co> is DOWN
<https://www.blackhole18.net> is DOWN
<https://www.hidden19.info> is DOWN
<https://www.unknown20site.com> is DOWN
<https://www.false21domain.org> is DOWN
<https://www.nonpublic22.co> is DOWN
<https://www.unavailable23.info> is DOWN
<https://www.noreal24site.net> is DOWN
